0 info it worked if it ends with ok
1 verbose cli [ 'C:\\Program Files\\nodejs\\node.exe',
1 verbose cli   'C:\\Users\\HOME\\AppData\\Roaming\\npm\\node_modules\\npm\\bin\\npm-cli.js',
1 verbose cli   'start' ]
2 info using npm@4.0.2
3 info using node@v4.4.4
4 verbose stack Error: Failed to parse json
4 verbose stack Unexpected token '/' at 7:5
4 verbose stack     // "test": "echo \"Error: no test specified\" && exit 1"
4 verbose stack     ^
4 verbose stack     at parseError (C:\Users\HOME\AppData\Roaming\npm\node_modules\npm\node_modules\read-package-json\read-json.js:390:11)
4 verbose stack     at parseJson (C:\Users\HOME\AppData\Roaming\npm\node_modules\npm\node_modules\read-package-json\read-json.js:79:23)
4 verbose stack     at C:\Users\HOME\AppData\Roaming\npm\node_modules\npm\node_modules\read-package-json\read-json.js:48:5
4 verbose stack     at C:\Users\HOME\AppData\Roaming\npm\node_modules\npm\node_modules\graceful-fs\graceful-fs.js:78:16
4 verbose stack     at FSReqWrap.readFileAfterClose [as oncomplete] (fs.js:380:3)
5 verbose cwd E:\yidu_git\react_start\reactApp
6 error Windows_NT 6.1.7600
7 error argv "C:\\Program Files\\nodejs\\node.exe" "C:\\Users\\HOME\\AppData\\Roaming\\npm\\node_modules\\npm\\bin\\npm-cli.js" "start"
8 error node v4.4.4
9 error npm  v4.0.2
10 error file E:\yidu_git\react_start\reactApp\package.json
11 error code EJSONPARSE
12 error Failed to parse json
12 error Unexpected token '/' at 7:5
12 error     // "test": "echo \"Error: no test specified\" && exit 1"
12 error     ^
13 error File: E:\yidu_git\react_start\reactApp\package.json
14 error Failed to parse package.json data.
14 error package.json must be actual JSON, not just JavaScript.
14 error
14 error This is not a bug in npm.
14 error Tell the package author to fix their package.json file. JSON.parse
15 verbose exit [ 1, true ]
